<?xml version="1.0" encoding="UTF-8"?>
<testsuite name="com.example.project.LinearCalculatorTest" tests="4" skipped="0" failures="0" errors="0" timestamp="2024-10-19T22:18:53" hostname="codespaces-e23d53" time="0.153">
  <properties/>
  <testcase name="testFindSymmetry()" classname="com.example.project.LinearCalculatorTest" time="0.028"/>
  <testcase name="testMidpoint()" classname="com.example.project.LinearCalculatorTest" time="0.035"/>
  <testcase name="testPrintInfo1()" classname="com.example.project.LinearCalculatorTest" time="0.051"/>
  <testcase name="testPrintInfo2()" classname="com.example.project.LinearCalculatorTest" time="0.016"/>
  <system-out><![CDATA[]]></system-out>
  <system-err><![CDATA[]]></system-err>
</testsuite>
